{"meta": {"format": 3, "version": "7.9.2", "timestamp": "2025-07-23T15:06:36.855357", "branch_coverage": false, "show_contexts": false}, "files": {"app.py": {"executed_lines": [1, 2, 3, 4, 5, 6, 7, 8, 9, 10, 11, 15, 17, 18, 19, 20, 22, 23, 24, 26, 29, 30, 31, 54, 55, 56, 57, 58, 59, 60, 61, 63, 64, 65, 72, 76, 77, 78, 79, 101, 102, 103, 104, 114, 115, 116, 119, 124, 125, 126, 127, 128, 129, 131, 132, 133, 135, 136, 138, 139, 140, 185, 186, 187, 211], "summary": {"covered_lines": 65, "num_statements": 147, "percent_covered": 44.21768707482993, "percent_covered_display": "44", "missing_lines": 82, "excluded_lines": 0}, "missing_lines": [27, 32, 33, 35, 36, 38, 39, 40, 41, 42, 43, 44, 45, 47, 48, 49, 51, 73, 74, 80, 81, 82, 83, 85, 86, 87, 88, 95, 96, 97, 105, 106, 107, 108, 109, 110, 141, 142, 144, 145, 147, 148, 149, 151, 152, 154, 155, 156, 159, 160, 162, 163, 165, 166, 169, 171, 172, 173, 174, 175, 177, 179, 180, 182, 188, 189, 190, 191, 193, 194, 195, 197, 198, 199, 200, 202, 203, 204, 205, 206, 208, 212], "excluded_lines": [], "functions": {"allowed_file": {"executed_lines": [], "summary": {"covered_lines": 0, "num_statements": 1, "percent_covered": 0.0, "percent_covered_display": "0", "missing_lines": 1, "excluded_lines": 0}, "missing_lines": [27], "excluded_lines": []}, "get_api_data": {"executed_lines": [], "summary": {"covered_lines": 0, "num_statements": 16, "percent_covered": 0.0, "percent_covered_display": "0", "missing_lines": 16, "excluded_lines": 0}, "missing_lines": [32, 33, 35, 36, 38, 39, 40, 41, 42, 43, 44, 45, 47, 48, 49, 51], "excluded_lines": []}, "get_config_history": {"executed_lines": [58, 59, 60, 61, 63, 64, 65, 72], "summary": {"covered_lines": 8, "num_statements": 10, "percent_covered": 80.0, "percent_covered_display": "80", "missing_lines": 2, "excluded_lines": 0}, "missing_lines": [73, 74], "excluded_lines": []}, "get_single_config": {"executed_lines": [], "summary": {"covered_lines": 0, "num_statements": 11, "percent_covered": 0.0, "percent_covered_display": "0", "missing_lines": 11, "excluded_lines": 0}, "missing_lines": [80, 81, 82, 83, 85, 86, 87, 88, 95, 96, 97], "excluded_lines": []}, "get_logs": {"executed_lines": [], "summary": {"covered_lines": 0, "num_statements": 6, "percent_covered": 0.0, "percent_covered_display": "0", "missing_lines": 6, "excluded_lines": 0}, "missing_lines": [105, 106, 107, 108, 109, 110], "excluded_lines": []}, "health": {"executed_lines": [116], "summary": {"covered_lines": 1, "num_statements": 1, "percent_covered": 100.0, "percent_covered_display": "100", "missing_lines": 0, "excluded_lines": 0}, "missing_lines": [], "excluded_lines": []}, "login": {"executed_lines": [127, 128, 129, 131, 132, 133, 135, 136], "summary": {"covered_lines": 8, "num_statements": 8, "percent_covered": 100.0, "percent_covered_display": "100", "missing_lines": 0, "excluded_lines": 0}, "missing_lines": [], "excluded_lines": []}, "data_view_from_uploaded_yaml": {"executed_lines": [], "summary": {"covered_lines": 0, "num_statements": 28, "percent_covered": 0.0, "percent_covered_display": "0", "missing_lines": 28, "excluded_lines": 0}, "missing_lines": [141, 142, 144, 145, 147, 148, 149, 151, 152, 154, 155, 156, 159, 160, 162, 163, 165, 166, 169, 171, 172, 173, 174, 175, 177, 179, 180, 182], "excluded_lines": []}, "trigger_job": {"executed_lines": [], "summary": {"covered_lines": 0, "num_statements": 17, "percent_covered": 0.0, "percent_covered_display": "0", "missing_lines": 17, "excluded_lines": 0}, "missing_lines": [188, 189, 190, 191, 193, 194, 195, 197, 198, 199, 200, 202, 203, 204, 205, 206, 208], "excluded_lines": []}, "": {"executed_lines": [1, 2, 3, 4, 5, 6, 7, 8, 9, 10, 11, 15, 17, 18, 19, 20, 22, 23, 24, 26, 29, 30, 31, 54, 55, 56, 57, 76, 77, 78, 79, 101, 102, 103, 104, 114, 115, 119, 124, 125, 126, 138, 139, 140, 185, 186, 187, 211], "summary": {"covered_lines": 48, "num_statements": 49, "percent_covered": 97.95918367346938, "percent_covered_display": "98", "missing_lines": 1, "excluded_lines": 0}, "missing_lines": [212], "excluded_lines": []}}, "classes": {"": {"executed_lines": [1, 2, 3, 4, 5, 6, 7, 8, 9, 10, 11, 15, 17, 18, 19, 20, 22, 23, 24, 26, 29, 30, 31, 54, 55, 56, 57, 58, 59, 60, 61, 63, 64, 65, 72, 76, 77, 78, 79, 101, 102, 103, 104, 114, 115, 116, 119, 124, 125, 126, 127, 128, 129, 131, 132, 133, 135, 136, 138, 139, 140, 185, 186, 187, 211], "summary": {"covered_lines": 65, "num_statements": 147, "percent_covered": 44.21768707482993, "percent_covered_display": "44", "missing_lines": 82, "excluded_lines": 0}, "missing_lines": [27, 32, 33, 35, 36, 38, 39, 40, 41, 42, 43, 44, 45, 47, 48, 49, 51, 73, 74, 80, 81, 82, 83, 85, 86, 87, 88, 95, 96, 97, 105, 106, 107, 108, 109, 110, 141, 142, 144, 145, 147, 148, 149, 151, 152, 154, 155, 156, 159, 160, 162, 163, 165, 166, 169, 171, 172, 173, 174, 175, 177, 179, 180, 182, 188, 189, 190, 191, 193, 194, 195, 197, 198, 199, 200, 202, 203, 204, 205, 206, 208, 212], "excluded_lines": []}}}, "config_manager.py": {"executed_lines": [1, 2, 3, 4, 5, 6, 8, 9, 10, 13, 14, 17, 23, 25, 26, 63, 68], "summary": {"covered_lines": 17, "num_statements": 53, "percent_covered": 32.075471698113205, "percent_covered_display": "32", "missing_lines": 36, "excluded_lines": 0}, "missing_lines": [27, 28, 29, 31, 32, 33, 35, 36, 37, 38, 39, 40, 42, 43, 44, 50, 52, 58, 60, 61, 64, 69, 70, 71, 73, 74, 75, 81, 83, 84, 85, 86, 87, 89, 91, 97], "excluded_lines": [], "functions": {"upload_config": {"executed_lines": [], "summary": {"covered_lines": 0, "num_statements": 20, "percent_covered": 0.0, "percent_covered_display": "0", "missing_lines": 20, "excluded_lines": 0}, "missing_lines": [27, 28, 29, 31, 32, 33, 35, 36, 37, 38, 39, 40, 42, 43, 44, 50, 52, 58, 60, 61], "excluded_lines": []}, "upload_if_new_config": {"executed_lines": [], "summary": {"covered_lines": 0, "num_statements": 15, "percent_covered": 0.0, "percent_covered_display": "0", "missing_lines": 15, "excluded_lines": 0}, "missing_lines": [69, 70, 71, 73, 74, 75, 81, 83, 84, 85, 86, 87, 89, 91, 97], "excluded_lines": []}, "": {"executed_lines": [1, 2, 3, 4, 5, 6, 8, 9, 10, 13, 14, 17, 23, 25, 26, 63, 68], "summary": {"covered_lines": 17, "num_statements": 18, "percent_covered": 94.44444444444444, "percent_covered_display": "94", "missing_lines": 1, "excluded_lines": 0}, "missing_lines": [64], "excluded_lines": []}}, "classes": {"": {"executed_lines": [1, 2, 3, 4, 5, 6, 8, 9, 10, 13, 14, 17, 23, 25, 26, 63, 68], "summary": {"covered_lines": 17, "num_statements": 53, "percent_covered": 32.075471698113205, "percent_covered_display": "32", "missing_lines": 36, "excluded_lines": 0}, "missing_lines": [27, 28, 29, 31, 32, 33, 35, 36, 37, 38, 39, 40, 42, 43, 44, 50, 52, 58, 60, 61, 64, 69, 70, 71, 73, 74, 75, 81, 83, 84, 85, 86, 87, 89, 91, 97], "excluded_lines": []}}}, "extract.py": {"executed_lines": [1, 2, 3, 4, 5, 6, 7, 8, 11, 14, 15, 18, 21, 32, 33, 35, 37, 39, 40, 41, 42, 44, 45, 46, 52, 53, 54, 55, 56, 58, 59, 60, 61, 62, 71, 72, 77, 78, 79, 80, 86, 87, 88, 89, 92, 93, 96, 97, 98, 99, 100, 101, 104, 105, 108, 109, 111, 112, 114, 115, 116, 117, 118, 134, 135, 136, 139, 140, 141, 142, 143, 144, 145, 146, 156], "summary": {"covered_lines": 75, "num_statements": 112, "percent_covered": 66.96428571428571, "percent_covered_display": "67", "missing_lines": 37, "excluded_lines": 0}, "missing_lines": [22, 23, 24, 25, 26, 27, 28, 29, 47, 48, 49, 63, 64, 65, 66, 68, 69, 74, 75, 82, 83, 90, 94, 106, 120, 121, 122, 123, 124, 125, 126, 130, 148, 150, 151, 152, 157], "excluded_lines": [], "functions": {"read_yaml_config": {"executed_lines": [], "summary": {"covered_lines": 0, "num_statements": 8, "percent_covered": 0.0, "percent_covered_display": "0", "missing_lines": 8, "excluded_lines": 0}, "missing_lines": [22, 23, 24, 25, 26, 27, 28, 29], "excluded_lines": []}, "validate_and_standardize": {"executed_lines": [33, 35, 37, 39, 40, 41, 42, 44, 45, 46], "summary": {"covered_lines": 10, "num_statements": 13, "percent_covered": 76.92307692307692, "percent_covered_display": "77", "missing_lines": 3, "excluded_lines": 0}, "missing_lines": [47, 48, 49], "excluded_lines": []}, "extract_from_local": {"executed_lines": [53, 54, 55, 56, 58, 59, 60, 61, 62, 71, 72, 77, 78, 79, 80], "summary": {"covered_lines": 15, "num_statements": 25, "percent_covered": 60.0, "percent_covered_display": "60", "missing_lines": 10, "excluded_lines": 0}, "missing_lines": [63, 64, 65, 66, 68, 69, 74, 75, 82, 83], "excluded_lines": []}, "extract_from_api": {"executed_lines": [88, 89, 92, 93, 96, 97, 98, 99, 100, 101], "summary": {"covered_lines": 10, "num_statements": 12, "percent_covered": 83.33333333333333, "percent_covered_display": "83", "missing_lines": 2, "excluded_lines": 0}, "missing_lines": [90, 94], "excluded_lines": []}, "run_extraction": {"executed_lines": [105, 108, 109, 111, 112, 114, 115, 116, 117, 118, 134, 135, 136, 139, 140, 141, 142, 143, 144, 145, 146], "summary": {"covered_lines": 21, "num_statements": 34, "percent_covered": 61.76470588235294, "percent_covered_display": "62", "missing_lines": 13, "excluded_lines": 0}, "missing_lines": [106, 120, 121, 122, 123, 124, 125, 126, 130, 148, 150, 151, 152], "excluded_lines": []}, "": {"executed_lines": [1, 2, 3, 4, 5, 6, 7, 8, 11, 14, 15, 18, 21, 32, 52, 86, 87, 104, 156], "summary": {"covered_lines": 19, "num_statements": 20, "percent_covered": 95.0, "percent_covered_display": "95", "missing_lines": 1, "excluded_lines": 0}, "missing_lines": [157], "excluded_lines": []}}, "classes": {"": {"executed_lines": [1, 2, 3, 4, 5, 6, 7, 8, 11, 14, 15, 18, 21, 32, 33, 35, 37, 39, 40, 41, 42, 44, 45, 46, 52, 53, 54, 55, 56, 58, 59, 60, 61, 62, 71, 72, 77, 78, 79, 80, 86, 87, 88, 89, 92, 93, 96, 97, 98, 99, 100, 101, 104, 105, 108, 109, 111, 112, 114, 115, 116, 117, 118, 134, 135, 136, 139, 140, 141, 142, 143, 144, 145, 146, 156], "summary": {"covered_lines": 75, "num_statements": 112, "percent_covered": 66.96428571428571, "percent_covered_display": "67", "missing_lines": 37, "excluded_lines": 0}, "missing_lines": [22, 23, 24, 25, 26, 27, 28, 29, 47, 48, 49, 63, 64, 65, 66, 68, 69, 74, 75, 82, 83, 90, 94, 106, 120, 121, 122, 123, 124, 125, 126, 130, 148, 150, 151, 152, 157], "excluded_lines": []}}}, "loader.py": {"executed_lines": [1, 2, 3, 4, 5, 6, 7, 10, 11, 14, 17, 18, 19, 20, 21, 22, 28, 29, 31, 32, 33, 34, 39, 40, 41, 43, 44, 45, 47, 48, 49, 52, 53, 54, 55, 57, 61, 63, 64, 65, 68], "summary": {"covered_lines": 41, "num_statements": 51, "percent_covered": 80.3921568627451, "percent_covered_display": "80", "missing_lines": 10, "excluded_lines": 0}, "missing_lines": [23, 24, 25, 30, 36, 69, 70, 72, 73, 75], "excluded_lines": [], "functions": {"read_yaml_config": {"executed_lines": [18, 19, 20, 21, 22], "summary": {"covered_lines": 5, "num_statements": 8, "percent_covered": 62.5, "percent_covered_display": "62", "missing_lines": 3, "excluded_lines": 0}, "missing_lines": [23, 24, 25], "excluded_lines": []}, "infer_sqlalchemy_type": {"executed_lines": [29, 31, 32, 33, 34], "summary": {"covered_lines": 5, "num_statements": 7, "percent_covered": 71.42857142857143, "percent_covered_display": "71", "missing_lines": 2, "excluded_lines": 0}, "missing_lines": [30, 36], "excluded_lines": []}, "create_table_from_df": {"executed_lines": [40, 41, 43, 44, 45, 47, 48, 49], "summary": {"covered_lines": 8, "num_statements": 8, "percent_covered": 100.0, "percent_covered_display": "100", "missing_lines": 0, "excluded_lines": 0}, "missing_lines": [], "excluded_lines": []}, "load_csv_to_postgres": {"executed_lines": [54, 55, 57, 61, 63, 64, 65], "summary": {"covered_lines": 7, "num_statements": 7, "percent_covered": 100.0, "percent_covered_display": "100", "missing_lines": 0, "excluded_lines": 0}, "missing_lines": [], "excluded_lines": []}, "": {"executed_lines": [1, 2, 3, 4, 5, 6, 7, 10, 11, 14, 17, 28, 39, 52, 53, 68], "summary": {"covered_lines": 16, "num_statements": 21, "percent_covered": 76.19047619047619, "percent_covered_display": "76", "missing_lines": 5, "excluded_lines": 0}, "missing_lines": [69, 70, 72, 73, 75], "excluded_lines": []}}, "classes": {"": {"executed_lines": [1, 2, 3, 4, 5, 6, 7, 10, 11, 14, 17, 18, 19, 20, 21, 22, 28, 29, 31, 32, 33, 34, 39, 40, 41, 43, 44, 45, 47, 48, 49, 52, 53, 54, 55, 57, 61, 63, 64, 65, 68], "summary": {"covered_lines": 41, "num_statements": 51, "percent_covered": 80.3921568627451, "percent_covered_display": "80", "missing_lines": 10, "excluded_lines": 0}, "missing_lines": [23, 24, 25, 30, 36, 69, 70, 72, 73, 75], "excluded_lines": []}}}, "logger.py": {"executed_lines": [2, 4, 6, 15], "summary": {"covered_lines": 4, "num_statements": 4, "percent_covered": 100.0, "percent_covered_display": "100", "missing_lines": 0, "excluded_lines": 0}, "missing_lines": [], "excluded_lines": [], "functions": {"": {"executed_lines": [2, 4, 6, 15], "summary": {"covered_lines": 4, "num_statements": 4, "percent_covered": 100.0, "percent_covered_display": "100", "missing_lines": 0, "excluded_lines": 0}, "missing_lines": [], "excluded_lines": []}}, "classes": {"": {"executed_lines": [2, 4, 6, 15], "summary": {"covered_lines": 4, "num_statements": 4, "percent_covered": 100.0, "percent_covered_display": "100", "missing_lines": 0, "excluded_lines": 0}, "missing_lines": [], "excluded_lines": []}}}, "scheduleAndManual.py": {"executed_lines": [1, 2, 3, 4, 5, 6, 7, 8, 10, 11, 12, 13, 16, 17, 21, 22, 25, 26, 29, 30, 31, 33, 34, 35, 36, 38, 39, 41, 42, 43, 44, 45, 46, 50, 53, 63, 73, 116], "summary": {"covered_lines": 38, "num_statements": 83, "percent_covered": 45.78313253012048, "percent_covered_display": "46", "missing_lines": 45, "excluded_lines": 0}, "missing_lines": [48, 54, 55, 56, 57, 58, 59, 60, 64, 65, 66, 67, 68, 69, 70, 74, 75, 78, 79, 80, 81, 82, 84, 85, 87, 88, 89, 90, 91, 93, 94, 97, 98, 101, 102, 103, 105, 106, 107, 108, 109, 110, 112, 113, 117], "excluded_lines": [], "functions": {"hash_row": {"executed_lines": [26], "summary": {"covered_lines": 1, "num_statements": 1, "percent_covered": 100.0, "percent_covered_display": "100", "missing_lines": 0, "excluded_lines": 0}, "missing_lines": [], "excluded_lines": []}, "extract_and_load": {"executed_lines": [30, 31, 33, 34, 35, 36, 38, 39, 41, 42, 43, 44, 45, 46, 50], "summary": {"covered_lines": 15, "num_statements": 16, "percent_covered": 93.75, "percent_covered_display": "94", "missing_lines": 1, "excluded_lines": 0}, "missing_lines": [48], "excluded_lines": []}, "background_watcher": {"executed_lines": [], "summary": {"covered_lines": 0, "num_statements": 7, "percent_covered": 0.0, "percent_covered_display": "0", "missing_lines": 7, "excluded_lines": 0}, "missing_lines": [54, 55, 56, 57, 58, 59, 60], "excluded_lines": []}, "wait_for_manual_stop": {"executed_lines": [], "summary": {"covered_lines": 0, "num_statements": 7, "percent_covered": 0.0, "percent_covered_display": "0", "missing_lines": 7, "excluded_lines": 0}, "missing_lines": [64, 65, 66, 67, 68, 69, 70], "excluded_lines": []}, "main": {"executed_lines": [], "summary": {"covered_lines": 0, "num_statements": 29, "percent_covered": 0.0, "percent_covered_display": "0", "missing_lines": 29, "excluded_lines": 0}, "missing_lines": [74, 75, 78, 79, 80, 81, 82, 84, 85, 87, 88, 89, 90, 91, 93, 94, 97, 98, 101, 102, 103, 105, 106, 107, 108, 109, 110, 112, 113], "excluded_lines": []}, "": {"executed_lines": [1, 2, 3, 4, 5, 6, 7, 8, 10, 11, 12, 13, 16, 17, 21, 22, 25, 29, 53, 63, 73, 116], "summary": {"covered_lines": 22, "num_statements": 23, "percent_covered": 95.65217391304348, "percent_covered_display": "96", "missing_lines": 1, "excluded_lines": 0}, "missing_lines": [117], "excluded_lines": []}}, "classes": {"": {"executed_lines": [1, 2, 3, 4, 5, 6, 7, 8, 10, 11, 12, 13, 16, 17, 21, 22, 25, 26, 29, 30, 31, 33, 34, 35, 36, 38, 39, 41, 42, 43, 44, 45, 46, 50, 53, 63, 73, 116], "summary": {"covered_lines": 38, "num_statements": 83, "percent_covered": 45.78313253012048, "percent_covered_display": "46", "missing_lines": 45, "excluded_lines": 0}, "missing_lines": [48, 54, 55, 56, 57, 58, 59, 60, 64, 65, 66, 67, 68, 69, 70, 74, 75, 78, 79, 80, 81, 82, 84, 85, 87, 88, 89, 90, 91, 93, 94, 97, 98, 101, 102, 103, 105, 106, 107, 108, 109, 110, 112, 113, 117], "excluded_lines": []}}}, "tests\\conftest.py": {"executed_lines": [1, 2, 3, 6, 8, 10, 11, 12, 13, 14], "summary": {"covered_lines": 10, "num_statements": 10, "percent_covered": 100.0, "percent_covered_display": "100", "missing_lines": 0, "excluded_lines": 0}, "missing_lines": [], "excluded_lines": [], "functions": {"client": {"executed_lines": [12, 13, 14], "summary": {"covered_lines": 3, "num_statements": 3, "percent_covered": 100.0, "percent_covered_display": "100", "missing_lines": 0, "excluded_lines": 0}, "missing_lines": [], "excluded_lines": []}, "": {"executed_lines": [1, 2, 3, 6, 8, 10, 11], "summary": {"covered_lines": 7, "num_statements": 7, "percent_covered": 100.0, "percent_covered_display": "100", "missing_lines": 0, "excluded_lines": 0}, "missing_lines": [], "excluded_lines": []}}, "classes": {"": {"executed_lines": [1, 2, 3, 6, 8, 10, 11, 12, 13, 14], "summary": {"covered_lines": 10, "num_statements": 10, "percent_covered": 100.0, "percent_covered_display": "100", "missing_lines": 0, "excluded_lines": 0}, "missing_lines": [], "excluded_lines": []}}}, "tests\\test_app.py": {"executed_lines": [1, 2, 3, 4, 6, 7, 8, 9, 10, 12, 13, 14, 15, 18, 19, 20, 22, 23, 24, 26, 27, 28, 29], "summary": {"covered_lines": 23, "num_statements": 23, "percent_covered": 100.0, "percent_covered_display": "100", "missing_lines": 0, "excluded_lines": 0}, "missing_lines": [], "excluded_lines": [], "functions": {"test_health_check": {"executed_lines": [2, 3, 4], "summary": {"covered_lines": 3, "num_statements": 3, "percent_covered": 100.0, "percent_covered_display": "100", "missing_lines": 0, "excluded_lines": 0}, "missing_lines": [], "excluded_lines": []}, "test_login_success": {"executed_lines": [7, 8, 9, 10], "summary": {"covered_lines": 4, "num_statements": 4, "percent_covered": 100.0, "percent_covered_display": "100", "missing_lines": 0, "excluded_lines": 0}, "missing_lines": [], "excluded_lines": []}, "test_login_failure": {"executed_lines": [13, 14, 15], "summary": {"covered_lines": 3, "num_statements": 3, "percent_covered": 100.0, "percent_covered_display": "100", "missing_lines": 0, "excluded_lines": 0}, "missing_lines": [], "excluded_lines": []}, "test_config_history_unauthorized": {"executed_lines": [19, 20], "summary": {"covered_lines": 2, "num_statements": 2, "percent_covered": 100.0, "percent_covered_display": "100", "missing_lines": 0, "excluded_lines": 0}, "missing_lines": [], "excluded_lines": []}, "get_token": {"executed_lines": [23, 24], "summary": {"covered_lines": 2, "num_statements": 2, "percent_covered": 100.0, "percent_covered_display": "100", "missing_lines": 0, "excluded_lines": 0}, "missing_lines": [], "excluded_lines": []}, "test_config_history": {"executed_lines": [27, 28, 29], "summary": {"covered_lines": 3, "num_statements": 3, "percent_covered": 100.0, "percent_covered_display": "100", "missing_lines": 0, "excluded_lines": 0}, "missing_lines": [], "excluded_lines": []}, "": {"executed_lines": [1, 6, 12, 18, 22, 26], "summary": {"covered_lines": 6, "num_statements": 6, "percent_covered": 100.0, "percent_covered_display": "100", "missing_lines": 0, "excluded_lines": 0}, "missing_lines": [], "excluded_lines": []}}, "classes": {"": {"executed_lines": [1, 2, 3, 4, 6, 7, 8, 9, 10, 12, 13, 14, 15, 18, 19, 20, 22, 23, 24, 26, 27, 28, 29], "summary": {"covered_lines": 23, "num_statements": 23, "percent_covered": 100.0, "percent_covered_display": "100", "missing_lines": 0, "excluded_lines": 0}, "missing_lines": [], "excluded_lines": []}}}, "tests\\test_extract.py": {"executed_lines": [1, 2, 3, 4, 5, 13, 14, 17, 18, 21, 22, 23, 24, 27, 28, 29, 32, 33, 34, 35, 36, 37, 39, 40, 41, 44, 45, 46, 47, 48, 49, 52, 53, 54, 55, 56, 59, 60, 70, 71, 72], "summary": {"covered_lines": 41, "num_statements": 41, "percent_covered": 100.0, "percent_covered_display": "100", "missing_lines": 0, "excluded_lines": 0}, "missing_lines": [], "excluded_lines": [], "functions": {"test_extract_from_local_valid": {"executed_lines": [22, 23, 24], "summary": {"covered_lines": 3, "num_statements": 3, "percent_covered": 100.0, "percent_covered_display": "100", "missing_lines": 0, "excluded_lines": 0}, "missing_lines": [], "excluded_lines": []}, "test_extract_from_local_invalid_path": {"executed_lines": [28, 29], "summary": {"covered_lines": 2, "num_statements": 2, "percent_covered": 100.0, "percent_covered_display": "100", "missing_lines": 0, "excluded_lines": 0}, "missing_lines": [], "excluded_lines": []}, "test_extract_from_api_mock": {"executed_lines": [34, 35, 36, 37, 39, 40, 41], "summary": {"covered_lines": 7, "num_statements": 7, "percent_covered": 100.0, "percent_covered_display": "100", "missing_lines": 0, "excluded_lines": 0}, "missing_lines": [], "excluded_lines": []}, "test_validate_and_standardize_pass": {"executed_lines": [45, 46, 47, 48, 49], "summary": {"covered_lines": 5, "num_statements": 5, "percent_covered": 100.0, "percent_covered_display": "100", "missing_lines": 0, "excluded_lines": 0}, "missing_lines": [], "excluded_lines": []}, "test_validate_and_standardize_missing_column": {"executed_lines": [53, 54, 55, 56], "summary": {"covered_lines": 4, "num_statements": 4, "percent_covered": 100.0, "percent_covered_display": "100", "missing_lines": 0, "excluded_lines": 0}, "missing_lines": [], "excluded_lines": []}, "test_run_extraction_smoke": {"executed_lines": [60, 70, 71, 72], "summary": {"covered_lines": 4, "num_statements": 4, "percent_covered": 100.0, "percent_covered_display": "100", "missing_lines": 0, "excluded_lines": 0}, "missing_lines": [], "excluded_lines": []}, "": {"executed_lines": [1, 2, 3, 4, 5, 13, 14, 17, 18, 21, 27, 32, 33, 44, 52, 59], "summary": {"covered_lines": 16, "num_statements": 16, "percent_covered": 100.0, "percent_covered_display": "100", "missing_lines": 0, "excluded_lines": 0}, "missing_lines": [], "excluded_lines": []}}, "classes": {"": {"executed_lines": [1, 2, 3, 4, 5, 13, 14, 17, 18, 21, 22, 23, 24, 27, 28, 29, 32, 33, 34, 35, 36, 37, 39, 40, 41, 44, 45, 46, 47, 48, 49, 52, 53, 54, 55, 56, 59, 60, 70, 71, 72], "summary": {"covered_lines": 41, "num_statements": 41, "percent_covered": 100.0, "percent_covered_display": "100", "missing_lines": 0, "excluded_lines": 0}, "missing_lines": [], "excluded_lines": []}}}, "tests\\test_loader.py": {"executed_lines": [1, 2, 3, 4, 5, 8, 9, 11, 12, 13, 14, 15, 19, 21, 22, 23, 24, 26, 27, 29, 30, 31, 32, 35, 38, 39, 42, 43, 44, 45], "summary": {"covered_lines": 30, "num_statements": 30, "percent_covered": 100.0, "percent_covered_display": "100", "missing_lines": 0, "excluded_lines": 0}, "missing_lines": [], "excluded_lines": [], "functions": {"db_engine": {"executed_lines": [13, 14, 15, 19], "summary": {"covered_lines": 4, "num_statements": 4, "percent_covered": 100.0, "percent_covered_display": "100", "missing_lines": 0, "excluded_lines": 0}, "missing_lines": [], "excluded_lines": []}, "test_yaml_config_loads": {"executed_lines": [22, 23, 24], "summary": {"covered_lines": 3, "num_statements": 3, "percent_covered": 100.0, "percent_covered_display": "100", "missing_lines": 0, "excluded_lines": 0}, "missing_lines": [], "excluded_lines": []}, "test_csv_file_exists": {"executed_lines": [27], "summary": {"covered_lines": 1, "num_statements": 1, "percent_covered": 100.0, "percent_covered_display": "100", "missing_lines": 0, "excluded_lines": 0}, "missing_lines": [], "excluded_lines": []}, "test_load_csv_to_postgres": {"executed_lines": [30, 31, 32, 35, 38, 39, 42, 43, 44, 45], "summary": {"covered_lines": 10, "num_statements": 10, "percent_covered": 100.0, "percent_covered_display": "100", "missing_lines": 0, "excluded_lines": 0}, "missing_lines": [], "excluded_lines": []}, "": {"executed_lines": [1, 2, 3, 4, 5, 8, 9, 11, 12, 21, 26, 29], "summary": {"covered_lines": 12, "num_statements": 12, "percent_covered": 100.0, "percent_covered_display": "100", "missing_lines": 0, "excluded_lines": 0}, "missing_lines": [], "excluded_lines": []}}, "classes": {"": {"executed_lines": [1, 2, 3, 4, 5, 8, 9, 11, 12, 13, 14, 15, 19, 21, 22, 23, 24, 26, 27, 29, 30, 31, 32, 35, 38, 39, 42, 43, 44, 45], "summary": {"covered_lines": 30, "num_statements": 30, "percent_covered": 100.0, "percent_covered_display": "100", "missing_lines": 0, "excluded_lines": 0}, "missing_lines": [], "excluded_lines": []}}}, "tests\\test_logger.py": {"executed_lines": [1, 2, 4, 6, 9, 10, 13, 16, 17, 18, 19, 22, 25, 26, 29, 30, 31, 32], "summary": {"covered_lines": 18, "num_statements": 18, "percent_covered": 100.0, "percent_covered_display": "100", "missing_lines": 0, "excluded_lines": 0}, "missing_lines": [], "excluded_lines": [], "functions": {"test_logger_writes_to_file": {"executed_lines": [6, 9, 10, 13, 16, 17, 18, 19, 22, 25, 26, 29, 30, 31, 32], "summary": {"covered_lines": 15, "num_statements": 15, "percent_covered": 100.0, "percent_covered_display": "100", "missing_lines": 0, "excluded_lines": 0}, "missing_lines": [], "excluded_lines": []}, "": {"executed_lines": [1, 2, 4], "summary": {"covered_lines": 3, "num_statements": 3, "percent_covered": 100.0, "percent_covered_display": "100", "missing_lines": 0, "excluded_lines": 0}, "missing_lines": [], "excluded_lines": []}}, "classes": {"": {"executed_lines": [1, 2, 4, 6, 9, 10, 13, 16, 17, 18, 19, 22, 25, 26, 29, 30, 31, 32], "summary": {"covered_lines": 18, "num_statements": 18, "percent_covered": 100.0, "percent_covered_display": "100", "missing_lines": 0, "excluded_lines": 0}, "missing_lines": [], "excluded_lines": []}}}, "tests\\test_scheduleAndManual.py": {"executed_lines": [1, 2, 3, 4, 7, 19, 20, 21, 26, 27, 28, 29, 30, 32, 33, 34, 35, 36, 37, 40, 42, 43, 44, 45, 47, 48, 49, 50, 51, 52, 54, 55, 56, 58], "summary": {"covered_lines": 34, "num_statements": 34, "percent_covered": 100.0, "percent_covered_display": "100", "missing_lines": 0, "excluded_lines": 0}, "missing_lines": [], "excluded_lines": [], "functions": {"dummy_df": {"executed_lines": [21], "summary": {"covered_lines": 1, "num_statements": 1, "percent_covered": 100.0, "percent_covered_display": "100", "missing_lines": 0, "excluded_lines": 0}, "missing_lines": [], "excluded_lines": []}, "test_hash_row_is_consistent": {"executed_lines": [27, 28, 29, 30], "summary": {"covered_lines": 4, "num_statements": 4, "percent_covered": 100.0, "percent_covered_display": "100", "missing_lines": 0, "excluded_lines": 0}, "missing_lines": [], "excluded_lines": []}, "test_extract_and_load_new_data": {"executed_lines": [36, 37, 40, 42, 43, 44, 45], "summary": {"covered_lines": 7, "num_statements": 7, "percent_covered": 100.0, "percent_covered_display": "100", "missing_lines": 0, "excluded_lines": 0}, "missing_lines": [], "excluded_lines": []}, "test_extract_and_load_duplicates_skipped": {"executed_lines": [51, 52, 54, 55, 56, 58], "summary": {"covered_lines": 6, "num_statements": 6, "percent_covered": 100.0, "percent_covered_display": "100", "missing_lines": 0, "excluded_lines": 0}, "missing_lines": [], "excluded_lines": []}, "": {"executed_lines": [1, 2, 3, 4, 7, 19, 20, 26, 32, 33, 34, 35, 47, 48, 49, 50], "summary": {"covered_lines": 16, "num_statements": 16, "percent_covered": 100.0, "percent_covered_display": "100", "missing_lines": 0, "excluded_lines": 0}, "missing_lines": [], "excluded_lines": []}}, "classes": {"": {"executed_lines": [1, 2, 3, 4, 7, 19, 20, 21, 26, 27, 28, 29, 30, 32, 33, 34, 35, 36, 37, 40, 42, 43, 44, 45, 47, 48, 49, 50, 51, 52, 54, 55, 56, 58], "summary": {"covered_lines": 34, "num_statements": 34, "percent_covered": 100.0, "percent_covered_display": "100", "missing_lines": 0, "excluded_lines": 0}, "missing_lines": [], "excluded_lines": []}}}}, "totals": {"covered_lines": 396, "num_statements": 606, "percent_covered": 65.34653465346534, "percent_covered_display": "65", "missing_lines": 210, "excluded_lines": 0}}